<?xml version="1.0" encoding="UTF-8"?>
<testng-results ignored="0" total="4" passed="4" failed="0" skipped="0">
  <reporter-output>
  </reporter-output>
  <suite started-at="2020-08-21T10:24:00 IST" name="Default suite" finished-at="2020-08-21T10:24:40 IST" duration-ms="39826">
    <groups>
    </groups>
    <test started-at="2020-08-21T10:24:00 IST" name="Default test" finished-at="2020-08-21T10:24:40 IST" duration-ms="39826">
      <class name="com.testNG.selenium.Excel_JXL">
        <test-method is-config="true" signature="open_browser()[pri:0, instance:com.testNG.selenium.Excel_JXL@33afa13b]" started-at="2020-08-21T10:24:00 IST" name="open_browser" finished-at="2020-08-21T10:24:00 IST" duration-ms="8" status="PASS">
          <reporter-output>
          </reporter-output>
        </test-method> <!-- open_browser -->
        <test-method signature="login(java.lang.String, java.lang.String)[pri:0, instance:com.testNG.selenium.Excel_JXL@33afa13b]" started-at="2020-08-21T10:24:01 IST" name="login" data-provider="giving_data" finished-at="2020-08-21T10:24:10 IST" duration-ms="9873" status="PASS">
          <params>
            <param index="0">
              <value>
                <![CDATA[Admin2]]>
              </value>
            </param>
            <param index="1">
              <value>
                <![CDATA[admin123]]>
              </value>
            </param>
          </params>
          <reporter-output>
          </reporter-output>
        </test-method> <!-- login -->
        <test-method signature="login(java.lang.String, java.lang.String)[pri:0, instance:com.testNG.selenium.Excel_JXL@33afa13b]" started-at="2020-08-21T10:24:10 IST" name="login" data-provider="giving_data" finished-at="2020-08-21T10:24:19 IST" duration-ms="8443" status="PASS">
          <params>
            <param index="0">
              <value>
                <![CDATA[Admin2]]>
              </value>
            </param>
            <param index="1">
              <value>
                <![CDATA[admin123]]>
              </value>
            </param>
          </params>
          <reporter-output>
          </reporter-output>
        </test-method> <!-- login -->
        <test-method signature="login(java.lang.String, java.lang.String)[pri:0, instance:com.testNG.selenium.Excel_JXL@33afa13b]" started-at="2020-08-21T10:24:19 IST" name="login" data-provider="giving_data" finished-at="2020-08-21T10:24:27 IST" duration-ms="8142" status="PASS">
          <params>
            <param index="0">
              <value>
                <![CDATA[Admin3]]>
              </value>
            </param>
            <param index="1">
              <value>
                <![CDATA[Admin]]>
              </value>
            </param>
          </params>
          <reporter-output>
          </reporter-output>
        </test-method> <!-- login -->
        <test-method signature="login(java.lang.String, java.lang.String)[pri:0, instance:com.testNG.selenium.Excel_JXL@33afa13b]" started-at="2020-08-21T10:24:27 IST" name="login" data-provider="giving_data" finished-at="2020-08-21T10:24:40 IST" duration-ms="13235" status="PASS">
          <params>
            <param index="0">
              <value>
                <![CDATA[Admin]]>
              </value>
            </param>
            <param index="1">
              <value>
                <![CDATA[admin123]]>
              </value>
            </param>
          </params>
          <reporter-output>
          </reporter-output>
        </test-method> <!-- login -->
      </class> <!-- com.testNG.selenium.Excel_JXL -->
    </test> <!-- Default test -->
  </suite> <!-- Default suite -->
</testng-results>
