<?xml version="1.0" encoding="UTF-8"?>
<!-- Generated by org.testng.reporters.JUnitXMLReporter -->
<testsuite ignored="2" hostname="LAPTOP-LG2N16NC" failures="0" tests="4" name="Testng" time="0.106" errors="0" timestamp="2020-12-16T10:03:43 IST">
  <testcase classname="com.testNG.selenium.RunBygrouping" name="FirstGear" time="0.009"/>
  <testcase classname="com.testNG.selenium.RunBygrouping" name="FirstGear1" time="0.003"/>
  <testcase classname="com.testNG.selenium.RunBygrouping" name="offthecar" time="0.003"/>
  <testcase classname="com.testNG.selenium.RunBygrouping" name="offthecar1" time="0.002"/>
  <testcase classname="com.testNG.selenium.RunBygrouping" name="startscar1" time="0.0">
    <ignored/>
  </testcase> <!-- startscar1 -->
  <testcase classname="com.testNG.selenium.RunBygrouping" name="startscar" time="0.0">
    <ignored/>
  </testcase> <!-- startscar -->
</testsuite> <!-- Testng -->
