<?xml version="1.0" encoding="UTF-8"?>
<!-- Generated by org.testng.reporters.JUnitXMLReporter -->
<testsuite ignored="4" hostname="LAPTOP-LG2N16NC" failures="0" tests="2" name="Testng" time="0.066" errors="0" timestamp="2020-08-03T20:11:05 IST">
  <testcase classname="com.testNG.selenium.RunBygrouping" name="startscar" time="0.011"/>
  <testcase classname="com.testNG.selenium.RunBygrouping" name="startscar1" time="0.001"/>
  <testcase classname="com.testNG.selenium.RunBygrouping" name="offthecar" time="0.0">
    <ignored/>
  </testcase> <!-- offthecar -->
  <testcase classname="com.testNG.selenium.RunBygrouping" name="FirstGear" time="0.0">
    <ignored/>
  </testcase> <!-- FirstGear -->
  <testcase classname="com.testNG.selenium.RunBygrouping" name="FirstGear1" time="0.0">
    <ignored/>
  </testcase> <!-- FirstGear1 -->
  <testcase classname="com.testNG.selenium.RunBygrouping" name="offthecar1" time="0.0">
    <ignored/>
  </testcase> <!-- offthecar1 -->
</testsuite> <!-- Testng -->
