<?xml version="1.0" encoding="UTF-8"?>
<!-- Generated by org.testng.reporters.JUnitXMLReporter -->
<testsuite ignored="0" hostname="LAPTOP-LG2N16NC" failures="0" tests="4" name="Default test" time="39.826" errors="0" timestamp="2020-08-21T10:24:40 IST">
  <testcase classname="com.testNG.selenium.Excel_JXL" name="login" time="9.873"/>
  <testcase classname="com.testNG.selenium.Excel_JXL" name="login" time="8.443"/>
  <testcase classname="com.testNG.selenium.Excel_JXL" name="login" time="8.142"/>
  <testcase classname="com.testNG.selenium.Excel_JXL" name="login" time="13.235"/>
</testsuite> <!-- Default test -->
